[00:53:44] [main/INFO] (FabricLoader) Loading for game Minecraft 1.16.5
[00:53:44] [main/DEBUG] (FabricLoader) Requesting deobfuscation of minecraft-1.16.5-mapped-net.fabricmc.yarn-1.16.5+build.6-v2.jar
[00:53:44] [main/DEBUG] (FabricLoader) [Knot] Proposed file:/C:/Users/qtpowe/.gradle/caches/fabric-loom/1.16.5-mapped-net.fabricmc.yarn-1.16.5+build.6-v2/minecraft-1.16.5-mapped-net.fabricmc.yarn-1.16.5+build.6-v2.jar to classpath.
[00:53:44] [main/DEBUG] (FabricLoader|EntrypointTransformer) Found game constructor: net.minecraft.server.Main -> net/minecraft/server/Main
[00:53:44] [main/DEBUG] (FabricLoader|EntrypointTransformer) Patching game constructor main([Ljava/lang/String;)V
[00:53:44] [main/DEBUG] (FabricLoader|EntrypointTransformer) 20w22a+ detected, patching main method...
[00:53:44] [main/DEBUG] (FabricLoader|EntrypointTransformer) Detected version above 20w22a
[00:53:44] [main/DEBUG] (FabricLoader|EntrypointTransformer) Applying brand name hook to net/minecraft/client/ClientBrandRetriever::getClientModName
[00:53:44] [main/DEBUG] (FabricLoader|EntrypointTransformer) Applying brand name hook to net/minecraft/server/MinecraftServer::getServerModName
[00:53:44] [main/DEBUG] (FabricLoader|EntrypointTransformer) [EntrypointTransformer] Patched 3 classes.
[00:53:44] [main/DEBUG] (Fabric|Loader) [ClasspathModCandidateFinder] Adding dev classpath directories to classpath.
[00:53:44] [main/DEBUG] (FabricLoader) [Knot] Proposed file:/C:/Users/qtpowe/Desktop/Minecraft%20Modding/carpet_motd_json/build/classes/java/main/ to classpath.
[00:53:44] [main/DEBUG] (Fabric|Loader) [ClasspathModCandidateFinder] Processing /C:/Users/qtpowe/Desktop/Minecraft%20Modding/carpet_motd_json/.gradle/loom-cache/remapped_mods/fabric-loader-0.11.3@net.fabricmc.yarn.1_16_5.1.16.5+build.6-v2.jar
[00:53:44] [main/DEBUG] (Fabric|Loader) [ClasspathModCandidateFinder] Processing /C:/Users/qtpowe/Desktop/Minecraft%20Modding/carpet_motd_json/.gradle/loom-cache/remapped_mods/fabric-carpet-1.16.5-1.4.31+v210407@net.fabricmc.yarn.1_16_5.1.16.5+build.6-v2.jar
[00:53:44] [main/DEBUG] (Fabric|Loader) [ClasspathModCandidateFinder] Processing /C:/Users/qtpowe/Desktop/Minecraft%20Modding/carpet_motd_json/build/resources/main/
[00:53:44] [ForkJoinPool-1-worker-19/DEBUG] (Fabric|Loader) Testing file:/C:/Users/qtpowe/Desktop/Minecraft%20Modding/carpet_motd_json/.gradle/loom-cache/remapped_mods/fabric-loader-0.11.3@net.fabricmc.yarn.1_16_5.1.16.5+build.6-v2.jar
[00:53:44] [ForkJoinPool-1-worker-5/DEBUG] (Fabric|Loader) Testing file:/C:/Users/qtpowe/Desktop/Minecraft%20Modding/carpet_motd_json/.gradle/loom-cache/remapped_mods/fabric-carpet-1.16.5-1.4.31+v210407@net.fabricmc.yarn.1_16_5.1.16.5+build.6-v2.jar
[00:53:44] [ForkJoinPool-1-worker-23/DEBUG] (Fabric|Loader) Testing file:/C:/Users/qtpowe/Desktop/Minecraft%20Modding/carpet_motd_json/build/resources/main/
[00:53:44] [ForkJoinPool-1-worker-19/DEBUG] (Fabric|Loader) Adding file:/C:/Users/qtpowe/Desktop/Minecraft%20Modding/carpet_motd_json/.gradle/loom-cache/remapped_mods/fabric-loader-0.11.3@net.fabricmc.yarn.1_16_5.1.16.5+build.6-v2.jar as ModCandidate{fabricloader@0.11.3}
[00:53:44] [ForkJoinPool-1-worker-5/DEBUG] (Fabric|Loader) Adding file:/C:/Users/qtpowe/Desktop/Minecraft%20Modding/carpet_motd_json/.gradle/loom-cache/remapped_mods/fabric-carpet-1.16.5-1.4.31+v210407@net.fabricmc.yarn.1_16_5.1.16.5+build.6-v2.jar as ModCandidate{carpet@1.4.31}
[00:53:44] [ForkJoinPool-1-worker-23/DEBUG] (Fabric|Loader) Adding file:/C:/Users/qtpowe/Desktop/Minecraft%20Modding/carpet_motd_json/build/resources/main/ as ModCandidate{carpet_motd_json@1.0}
[00:53:44] [ForkJoinPool-1-worker-19/DEBUG] (Fabric|Loader) Searching for nested JARs in ModCandidate{fabricloader@0.11.3}
[00:53:44] [ForkJoinPool-1-worker-5/DEBUG] (Fabric|Loader) Searching for nested JARs in ModCandidate{carpet@1.4.31}
[00:53:44] [ForkJoinPool-1-worker-23/DEBUG] (Fabric|Loader) Searching for nested JARs in ModCandidate{carpet_motd_json@1.0}
[00:53:44] [ForkJoinPool-1-worker-23/DEBUG] (Fabric|Loader) file:/C:/Users/qtpowe/Desktop/Minecraft%20Modding/carpet_motd_json/build/resources/main/
[00:53:44] [ForkJoinPool-1-worker-19/DEBUG] (Fabric|Loader) file:/C:/Users/qtpowe/Desktop/Minecraft%20Modding/carpet_motd_json/.gradle/loom-cache/remapped_mods/fabric-loader-0.11.3@net.fabricmc.yarn.1_16_5.1.16.5+build.6-v2.jar
[00:53:44] [ForkJoinPool-1-worker-5/DEBUG] (Fabric|Loader) file:/C:/Users/qtpowe/Desktop/Minecraft%20Modding/carpet_motd_json/.gradle/loom-cache/remapped_mods/fabric-carpet-1.16.5-1.4.31+v210407@net.fabricmc.yarn.1_16_5.1.16.5+build.6-v2.jar
[00:53:44] [main/DEBUG] (Fabric|Loader) Mod resolution detection time: 27ms
[00:53:44] [main/DEBUG] (Fabric|Loader) Mod resolution time: 6ms
[00:53:44] [main/INFO] (Fabric|Loader) [FabricLoader] Loading 5 mods: minecraft@1.16.5, java@11, carpet_motd_json@1.0, carpet@1.4.31, fabricloader@0.11.3
[00:53:44] [main/WARN] (Fabric|Loader) Runtime mod remapping disabled due to no fabric.remapClasspathFile being specified. You may need to update loom.
[00:53:44] [main/DEBUG] (FabricLoader) [Knot] Proposed file:/C:/Users/qtpowe/Desktop/Minecraft%20Modding/carpet_motd_json/build/resources/main/ to classpath.
[00:53:44] [main/DEBUG] (FabricLoader) [Knot] Proposed file:/C:/Users/qtpowe/Desktop/Minecraft%20Modding/carpet_motd_json/.gradle/loom-cache/remapped_mods/fabric-carpet-1.16.5-1.4.31+v210407@net.fabricmc.yarn.1_16_5.1.16.5+build.6-v2.jar to classpath.
[00:53:44] [main/DEBUG] (Fabric|Loader) Registering new-style initializer ovh.powenet.carpet_motd_json.Mod for mod carpet_motd_json (key main)
[00:53:44] [main/DEBUG] (Fabric|Loader) Registering new-style initializer carpet.CarpetServer for mod carpet (key server)
[00:53:44] [main/DEBUG] (Fabric|Loader) Registering new-style initializer carpet.CarpetServer for mod carpet (key client)
[00:53:45] [main/DEBUG] (FabricLoader) Loading mappings took 174 ms
[00:53:45] [main/DEBUG] (mixin) Mixin bootstrap service org.spongepowered.asm.service.mojang.MixinServiceLaunchWrapperBootstrap is not available: LaunchWrapper is not available
[00:53:45] [main/DEBUG] (mixin) Mixin bootstrap service org.spongepowered.asm.service.modlauncher.MixinServiceModLauncherBootstrap is not available: ModLauncher is not available
[00:53:45] [main/DEBUG] (mixin) MixinService [ModLauncher] is not valid
[00:53:45] [main/DEBUG] (mixin) MixinService [Knot/Fabric] was successfully booted in jdk.internal.loader.ClassLoaders$AppClassLoader@368239c8
[00:53:45] [main/INFO] (mixin) SpongePowered MIXIN Subsystem Version=0.8.2 Source=file:/C:/Users/qtpowe/.gradle/caches/modules-2/files-2.1/net.fabricmc/sponge-mixin/0.9.2+mixin.0.8.2/12c437eebf031967eaa7daad861e115932772cc7/sponge-mixin-0.9.2+mixin.0.8.2.jar Service=Knot/Fabric Env=SERVER
[00:53:45] [main/DEBUG] (mixin) Initialising Mixin Platform Manager
[00:53:45] [main/DEBUG] (mixin) Adding mixin platform agents for container ContainerHandleURI(file:/C:/Users/qtpowe/Desktop/Minecraft%20Modding/carpet_motd_json/.gradle/loom-cache/remapped_mods/fabric-loader-0.11.3@net.fabricmc.yarn.1_16_5.1.16.5+build.6-v2.jar)
[00:53:45] [main/DEBUG] (mixin) Instancing new MixinPlatformAgentDefault for ContainerHandleURI(file:/C:/Users/qtpowe/Desktop/Minecraft%20Modding/carpet_motd_json/.gradle/loom-cache/remapped_mods/fabric-loader-0.11.3@net.fabricmc.yarn.1_16_5.1.16.5+build.6-v2.jar)
[00:53:45] [main/DEBUG] (mixin) MixinPlatformAgentDefault accepted container ContainerHandleURI(file:/C:/Users/qtpowe/Desktop/Minecraft%20Modding/carpet_motd_json/.gradle/loom-cache/remapped_mods/fabric-loader-0.11.3@net.fabricmc.yarn.1_16_5.1.16.5+build.6-v2.jar)
[00:53:45] [main/DEBUG] (mixin) Instancing new MixinPlatformAgentDefault for ContainerHandleURI(file:/C:/Users/qtpowe/Desktop/Minecraft%20Modding/carpet_motd_json/.gradle/loom-cache/remapped_mods/fabric-loader-0.11.3@net.fabricmc.yarn.1_16_5.1.16.5+build.6-v2.jar)
[00:53:45] [main/DEBUG] (mixin) MixinPlatformAgentDefault accepted container ContainerHandleURI(file:/C:/Users/qtpowe/Desktop/Minecraft%20Modding/carpet_motd_json/.gradle/loom-cache/remapped_mods/fabric-loader-0.11.3@net.fabricmc.yarn.1_16_5.1.16.5+build.6-v2.jar)
[00:53:45] [main/DEBUG] (mixin) Processing prepare() for PlatformAgent[MixinPlatformAgentDefault:ContainerHandleURI(file:/C:/Users/qtpowe/Desktop/Minecraft%20Modding/carpet_motd_json/.gradle/loom-cache/remapped_mods/fabric-loader-0.11.3@net.fabricmc.yarn.1_16_5.1.16.5+build.6-v2.jar)]
[00:53:45] [main/DEBUG] (mixin) Processing prepare() for PlatformAgent[MixinPlatformAgentDefault:ContainerHandleURI(file:/C:/Users/qtpowe/Desktop/Minecraft%20Modding/carpet_motd_json/.gradle/loom-cache/remapped_mods/fabric-loader-0.11.3@net.fabricmc.yarn.1_16_5.1.16.5+build.6-v2.jar)]
[00:53:45] [main/INFO] (Fabric|MixinBootstrap) Loaded Fabric development mappings for mixin remapper!
[00:53:45] [main/DEBUG] (mixin) Mixin config carpet_motd_json.mixins.json does not specify "minVersion" property
[00:53:45] [main/DEBUG] (mixin) Mixin config carpet.mixins.json does not specify "minVersion" property
[00:53:45] [main/DEBUG] (mixin) Error cleaning class output directory: .mixin.out\class: failed to delete one or more files; see suppressed exceptions for details
[00:53:45] [main/DEBUG] (Fabric|Loader) No subscribers for entrypoint 'preLaunch'
[00:53:45] [main/DEBUG] (mixin) Preparing mixins for MixinEnvironment[DEFAULT]
[00:53:45] [main/DEBUG] (mixin) Selecting config carpet_motd_json.mixins.json
[00:53:45] [main/DEBUG] (mixin) Selecting config carpet.mixins.json
[00:53:45] [main/INFO] (mixin) Remapping refMap fabric-carpet-refmap.json using remapper chain
[00:53:45] [main/DEBUG] (mixin) Preparing carpet_motd_json.mixins.json (2)
[00:53:45] [main/DEBUG] (mixin) Preparing carpet.mixins.json (175)
[00:53:46] [main/WARN] (mixin) @Mixin target net/minecraft/entity/mob/BlazeEntity$ShootFireballGoal is public in carpet.mixins.json:BlazeEntityShootFireballGoal_extremeMixin and should be specified in value
[00:53:46] [main/WARN] (mixin) @Mixin target net/minecraft/command/argument/BlockPredicateArgumentType$StatePredicate is public in carpet.mixins.json:StatePredicate_scarpetMixin and should be specified in value
[00:53:46] [main/WARN] (mixin) @Mixin target net/minecraft/command/argument/BlockPredicateArgumentType$TagPredicate is public in carpet.mixins.json:TagPredicate_scarpetMixin and should be specified in value
[00:53:46] [main/DEBUG] (mixin) Registering new injector for @Inject with org.spongepowered.asm.mixin.injection.struct.CallbackInjectionInfo
[00:53:46] [main/DEBUG] (mixin) Registering new injector for @ModifyArg with org.spongepowered.asm.mixin.injection.struct.ModifyArgInjectionInfo
[00:53:46] [main/DEBUG] (mixin) Registering new injector for @ModifyArgs with org.spongepowered.asm.mixin.injection.struct.ModifyArgsInjectionInfo
[00:53:46] [main/DEBUG] (mixin) Registering new injector for @Redirect with org.spongepowered.asm.mixin.injection.struct.RedirectInjectionInfo
[00:53:46] [main/DEBUG] (mixin) Registering new injector for @ModifyVariable with org.spongepowered.asm.mixin.injection.struct.ModifyVariableInjectionInfo
[00:53:46] [main/DEBUG] (mixin) Registering new injector for @ModifyConstant with org.spongepowered.asm.mixin.injection.struct.ModifyConstantInjectionInfo
[00:53:46] [main/ERROR] (mixin) carpet_motd_json.mixins.json:World_getBlockEntityMixin: Super class 'net.minecraft.world.World' of World_getBlockEntityMixin was not found in the hierarchy of target class 'net/minecraft/world/World'
org.spongepowered.asm.mixin.transformer.throwables.InvalidMixinException: Super class 'net.minecraft.world.World' of World_getBlockEntityMixin was not found in the hierarchy of target class 'net/minecraft/world/World'
	at org.spongepowered.asm.mixin.transformer.MixinInfo$SubType$Standard.validate(MixinInfo.java:590) ~[sponge-mixin-0.9.2+mixin.0.8.2.jar:0.9.2+mixin.0.8.2]
	at org.spongepowered.asm.mixin.transformer.MixinInfo$State.validate(MixinInfo.java:326) ~[sponge-mixin-0.9.2+mixin.0.8.2.jar:0.9.2+mixin.0.8.2]
	at org.spongepowered.asm.mixin.transformer.MixinInfo.validate(MixinInfo.java:904) ~[sponge-mixin-0.9.2+mixin.0.8.2.jar:0.9.2+mixin.0.8.2]
	at org.spongepowered.asm.mixin.transformer.MixinConfig.postInitialise(MixinConfig.java:674) [sponge-mixin-0.9.2+mixin.0.8.2.jar:0.9.2+mixin.0.8.2]
	at org.spongepowered.asm.mixin.transformer.MixinProcessor.prepareConfigs(MixinProcessor.java:542) [sponge-mixin-0.9.2+mixin.0.8.2.jar:0.9.2+mixin.0.8.2]
	at org.spongepowered.asm.mixin.transformer.MixinProcessor.select(MixinProcessor.java:439) [sponge-mixin-0.9.2+mixin.0.8.2.jar:0.9.2+mixin.0.8.2]
	at org.spongepowered.asm.mixin.transformer.MixinProcessor.checkSelect(MixinProcessor.java:415) [sponge-mixin-0.9.2+mixin.0.8.2.jar:0.9.2+mixin.0.8.2]
	at org.spongepowered.asm.mixin.transformer.MixinProcessor.applyMixins(MixinProcessor.java:285) [sponge-mixin-0.9.2+mixin.0.8.2.jar:0.9.2+mixin.0.8.2]
	at org.spongepowered.asm.mixin.transformer.MixinTransformer.transformClass(MixinTransformer.java:208) [sponge-mixin-0.9.2+mixin.0.8.2.jar:0.9.2+mixin.0.8.2]
	at org.spongepowered.asm.mixin.transformer.MixinTransformer.transformClassBytes(MixinTransformer.java:178) [sponge-mixin-0.9.2+mixin.0.8.2.jar:0.9.2+mixin.0.8.2]
	at org.spongepowered.asm.mixin.transformer.FabricMixinTransformerProxy.transformClassBytes(FabricMixinTransformerProxy.java:23) [fabric-loader-0.11.3@net.fabricmc.yarn.1_16_5.1.16.5+build.6-v2.jar:0.9.2+mixin.0.8.2]
	at net.fabricmc.loader.launch.knot.KnotClassDelegate.getPostMixinClassByteArray(KnotClassDelegate.java:157) [fabric-loader-0.11.3@net.fabricmc.yarn.1_16_5.1.16.5+build.6-v2.jar:?]
	at net.fabricmc.loader.launch.knot.KnotClassLoader.loadClass(KnotClassLoader.java:150) [fabric-loader-0.11.3@net.fabricmc.yarn.1_16_5.1.16.5+build.6-v2.jar:?]
	at java.lang.ClassLoader.loadClass(ClassLoader.java:522) [?:?]
	at net.fabricmc.loader.game.MinecraftGameProvider.launch(MinecraftGameProvider.java:224) [fabric-loader-0.11.3@net.fabricmc.yarn.1_16_5.1.16.5+build.6-v2.jar:?]
	at net.fabricmc.loader.launch.knot.Knot.launch(Knot.java:146) [fabric-loader-0.11.3@net.fabricmc.yarn.1_16_5.1.16.5+build.6-v2.jar:?]
	at net.fabricmc.loader.launch.knot.KnotServer.main(KnotServer.java:28) [fabric-loader-0.11.3@net.fabricmc.yarn.1_16_5.1.16.5+build.6-v2.jar:?]
	at net.fabricmc.devlaunchinjector.Main.main(Main.java:86) [dev-launch-injector-0.2.1+build.8.jar:?]
[00:53:46] [main/DEBUG] (mixin) Prepared 160 mixins in 0.440 sec (2.8ms avg) (0ms load, 0ms transform, 0ms plugin)
[00:53:46] [main/DEBUG] (mixin) Mixing StatType_scarpetMixin from carpet.mixins.json into net.minecraft.stat.StatType
[00:53:46] [main/DEBUG] (mixin) Mixing StructureFeatureMixin from carpet.mixins.json into net.minecraft.world.gen.feature.StructureFeature
[00:53:46] [main/DEBUG] (mixin) Mixing SaplingBlockMixin from carpet.mixins.json into net.minecraft.block.SaplingBlock
[00:53:46] [main/DEBUG] (mixin) Mixing FluidBlock_renewableBlackstoneMixin from carpet.mixins.json into net.minecraft.block.FluidBlock
[00:53:46] [main/DEBUG] (mixin) Mixing DispenserBlock_cactusMixin from carpet.mixins.json into net.minecraft.block.DispenserBlock
[00:53:46] [main/DEBUG] (mixin) Mixing DispenserBlock_qcMixin from carpet.mixins.json into net.minecraft.block.DispenserBlock
[00:53:46] [main/DEBUG] (mixin) Mixing PoweredRailBlock_powerLimitMixin from carpet.mixins.json into net.minecraft.block.PoweredRailBlock
[00:53:46] [main/DEBUG] (mixin) Mixing PistonBlock_rotatorBlockMixin from carpet.mixins.json into net.minecraft.block.PistonBlock
[00:53:46] [main/DEBUG] (mixin) Mixing PistonBlock_qcMixin from carpet.mixins.json into net.minecraft.block.PistonBlock
[00:53:46] [main/DEBUG] (mixin) Mixing PistonBlock_movableTEMixin from carpet.mixins.json into net.minecraft.block.PistonBlock
[00:53:46] [main/DEBUG] (mixin) Mixing TntBlockMixin from carpet.mixins.json into net.minecraft.block.TntBlock
[00:53:46] [main/DEBUG] (mixin) Mixing RedstoneWireBlockMixin from carpet.mixins.json into net.minecraft.block.RedstoneWireBlock
[00:53:46] [main/DEBUG] (mixin) Mixing InfestedBlockMixin from carpet.mixins.json into net.minecraft.block.InfestedBlock
[00:53:46] [main/DEBUG] (mixin) Mixing CauldronBlock_stackableSBoxesMixin from carpet.mixins.json into net.minecraft.block.CauldronBlock
[00:53:46] [main/DEBUG] (mixin) Mixing HopperBlock_cactusMixin from carpet.mixins.json into net.minecraft.block.HopperBlock
[00:53:46] [main/DEBUG] (mixin) Mixing CarpetBlockMixin from carpet.mixins.json into net.minecraft.block.CarpetBlock
[00:53:46] [main/DEBUG] (mixin) Mixing CoralBlockMixin from carpet.mixins.json into net.minecraft.block.CoralBlock
[00:53:46] [main/DEBUG] (mixin) Mixing World_fillUpdatesMixin from carpet.mixins.json into net.minecraft.world.World
[00:53:46] [main/DEBUG] (mixin) Mixing World_tickMixin from carpet.mixins.json into net.minecraft.world.World
[00:53:46] [main/DEBUG] (mixin) Mixing World_scarpetPlopMixin from carpet.mixins.json into net.minecraft.world.World
[00:53:46] [main/DEBUG] (mixin) Mixing World_movableTEMixin from carpet.mixins.json into net.minecraft.world.World
[00:53:46] [main/DEBUG] (mixin) Mixing ServerWorld_tickMixin from carpet.mixins.json into net.minecraft.server.world.ServerWorld
[00:53:46] [main/DEBUG] (mixin) Mixing ServerWorld_spawnChunksMixin from carpet.mixins.json into net.minecraft.server.world.ServerWorld
[00:53:46] [main/DEBUG] (mixin) Mixing ServerWorld_fakePlayersMixin from carpet.mixins.json into net.minecraft.server.world.ServerWorld
[00:53:46] [main/DEBUG] (mixin) Renaming synthetic method lambda$crashRemovePlayer$0(Lnet/minecraft/server/world/ServerWorld;Lnet/minecraft/server/network/ServerPlayerEntity;)V to mdc6a73e$lambda$crashRemovePlayer$0$0 in carpet.mixins.json:ServerWorld_fakePlayersMixin
[00:53:46] [main/DEBUG] (mixin) Mixing ServerWorld_onePlayerSleepingMixin from carpet.mixins.json into net.minecraft.server.world.ServerWorld
[00:53:46] [main/DEBUG] (mixin) Renaming synthetic method lambda$noneMatchSleep$0(Lnet/minecraft/server/network/ServerPlayerEntity;)Z to mdc6a73e$lambda$noneMatchSleep$0$1 in carpet.mixins.json:ServerWorld_onePlayerSleepingMixin
[00:53:46] [main/DEBUG] (mixin) Mixing ServerWorld_scarpetMixin from carpet.mixins.json into net.minecraft.server.world.ServerWorld
[00:53:46] [main/DEBUG] (mixin) Mixing EntityMixin from carpet.mixins.json into net.minecraft.entity.Entity
[00:53:46] [main/DEBUG] (mixin) Mixing Entity_scarpetEventsMixin from carpet.mixins.json into net.minecraft.entity.Entity
[00:53:46] [main/DEBUG] (mixin) Mixing PlayerEntity_parrotMixin from carpet.mixins.json into net.minecraft.entity.player.PlayerEntity
[00:53:46] [main/DEBUG] (mixin) Mixing PlayerEntity_antiCheatDisabled from carpet.mixins.json into net.minecraft.entity.player.PlayerEntity
[00:53:46] [main/DEBUG] (mixin) Mixing PlayerEntityMixin_portalDelayMixin from carpet.mixins.json into net.minecraft.entity.player.PlayerEntity
[00:53:46] [main/DEBUG] (mixin) Mixing PlayerEntity_scarpetEventsMixin from carpet.mixins.json into net.minecraft.entity.player.PlayerEntity
[00:53:46] [main/DEBUG] (mixin) Mixing PlayerEntity_creativeNoClipMixin from carpet.mixins.json into net.minecraft.entity.player.PlayerEntity
[00:53:46] [main/DEBUG] (mixin) Mixing LivingEntity_maxCollisionsMixin from carpet.mixins.json into net.minecraft.entity.LivingEntity
[00:53:46] [main/DEBUG] (mixin) Mixing LivingEntity_scarpetEventsMixin from carpet.mixins.json into net.minecraft.entity.LivingEntity
[00:53:46] [main/DEBUG] (mixin) Mixing LivingEntity_creativeFlyMixin from carpet.mixins.json into net.minecraft.entity.LivingEntity
[00:53:47] [main/DEBUG] (mixin) Mixing ExperienceOrbEntityMixin from carpet.mixins.json into net.minecraft.entity.ExperienceOrbEntity
[00:53:47] [main/DEBUG] (mixin) Mixing ItemEntityMixin from carpet.mixins.json into net.minecraft.entity.ItemEntity
[00:53:47] [main/DEBUG] (mixin) Mixing DirectionMixin from carpet.mixins.json into net.minecraft.util.math.Direction
[00:53:47] [main/DEBUG] (mixin) Mixing FallingBlockEntityMixin from carpet.mixins.json into net.minecraft.entity.FallingBlockEntity
[00:53:47] [main/DEBUG] (mixin) Mixing FallingBlockEntity_scarpetEventsMixin from carpet.mixins.json into net.minecraft.entity.FallingBlockEntity
[00:53:47] [main/DEBUG] (mixin) Mixing ItemDispenserBehaviour_extremeBehavioursMixin from carpet.mixins.json into net.minecraft.block.dispenser.ItemDispenserBehavior
[00:53:47] [main/DEBUG] (mixin) Mixing PistonBlockEntity_movableTEMixin from carpet.mixins.json into net.minecraft.block.entity.PistonBlockEntity
[00:53:47] [main/DEBUG] (mixin) Mixing PistonBlockEntity_playerHandlingMixin from carpet.mixins.json into net.minecraft.block.entity.PistonBlockEntity
[00:53:47] [main/DEBUG] (mixin) Mixing TntEntityMixin from carpet.mixins.json into net.minecraft.entity.TntEntity
[00:53:47] [main/DEBUG] (mixin) Mixing ContainerMixin from carpet.mixins.json into net.minecraft.screen.ScreenHandler
[00:53:47] [main/DEBUG] (mixin) Mixing MobEntityMixin from carpet.mixins.json into net.minecraft.entity.mob.MobEntity
[00:53:47] [main/DEBUG] (mixin) Mixing MobEntity_extremeMixin from carpet.mixins.json into net.minecraft.entity.mob.MobEntity
[00:53:47] [main/DEBUG] (mixin) Mixing HopperBlockEntityMixin from carpet.mixins.json into net.minecraft.block.entity.HopperBlockEntity
[00:53:47] [main/DEBUG] (mixin) Mixing Projectile_extremeMixin from carpet.mixins.json into net.minecraft.entity.projectile.ProjectileEntity
[00:53:47] [main/DEBUG] (mixin) Mixing CoralFeatureMixin from carpet.mixins.json into net.minecraft.world.gen.feature.CoralFeature
[00:53:48] [main/DEBUG] (mixin) Mixing StructureBlockBlockEntity_fillUpdatesMixin from carpet.mixins.json into net.minecraft.block.entity.StructureBlockBlockEntity
[00:53:48] [main/DEBUG] (mixin) Mixing StructureBlockBlockEntity_limitsMixin from carpet.mixins.json into net.minecraft.block.entity.StructureBlockBlockEntity
[00:53:48] [main/DEBUG] (mixin) Mixing ArmorStandEntity_scarpetMarkerMixin from carpet.mixins.json into net.minecraft.entity.decoration.ArmorStandEntity
[00:53:48] [main/DEBUG] (mixin) Renaming synthetic method lambda$checkScarpetMarkerUnloaded$0(Ljava/lang/String;Ljava/lang/String;)Z to mdc6a73e$lambda$checkScarpetMarkerUnloaded$0$0 in carpet.mixins.json:ArmorStandEntity_scarpetMarkerMixin
[00:53:49] [main/DEBUG] (mixin) Mixing ProjectileEntityMixin from carpet.mixins.json into net.minecraft.entity.projectile.PersistentProjectileEntity
[00:53:49] [main/DEBUG] (mixin) Mixing ProjectileEntity_extremeMixin from carpet.mixins.json into net.minecraft.entity.projectile.PersistentProjectileEntity
[00:53:49] [main/DEBUG] (mixin) Mixing EntityNavigation_pathfindingMixin from carpet.mixins.json into net.minecraft.entity.ai.pathing.EntityNavigation
[00:53:49] [main/DEBUG] (mixin) Renaming synthetic method lambda$pathToEntity$1(FLnet/minecraft/entity/ai/pathing/Path;Lnet/minecraft/util/math/BlockPos;)V to mdc6a73e$lambda$pathToEntity$1$0 in carpet.mixins.json:EntityNavigation_pathfindingMixin
[00:53:49] [main/DEBUG] (mixin) Renaming synthetic method lambda$pathToBlock$0(FLnet/minecraft/entity/ai/pathing/Path;Lnet/minecraft/util/math/BlockPos;)V to mdc6a73e$lambda$pathToBlock$0$1 in carpet.mixins.json:EntityNavigation_pathfindingMixin
[00:53:49] [main/DEBUG] (mixin) Mixing BlazeEntity_extremeMixin from carpet.mixins.json into net.minecraft.entity.mob.BlazeEntity
[00:53:49] [main/DEBUG] (mixin) Mixing BlazeEntityShootFireballGoal_extremeMixin from carpet.mixins.json into net.minecraft.entity.mob.BlazeEntity$ShootFireballGoal
[00:53:49] [main/DEBUG] (mixin) Mixing HorseBaseEntity_scarpetMixin from carpet.mixins.json into net.minecraft.entity.passive.HorseBaseEntity
[00:53:49] [main/DEBUG] (mixin) Mixing GuardianEntityMixin from carpet.mixins.json into net.minecraft.entity.mob.GuardianEntity
[00:53:49] [main/DEBUG] (mixin) Mixing ServerPlayerEntityMixin from carpet.mixins.json into net.minecraft.server.network.ServerPlayerEntity
[00:53:49] [main/DEBUG] (mixin) Mixing ServerPlayerEntity_scarpetEventMixin from carpet.mixins.json into net.minecraft.server.network.ServerPlayerEntity
[00:53:49] [main/DEBUG] (mixin) Mixing ItemUsageContext_cactusMixin from carpet.mixins.json into net.minecraft.item.ItemUsageContext
[00:53:49] [main/DEBUG] (mixin) Mixing FireworkEntity_extremeMixin from carpet.mixins.json into net.minecraft.entity.projectile.FireworkRocketEntity
[00:53:49] [main/DEBUG] (mixin) Mixing HuskEntityMixin from carpet.mixins.json into net.minecraft.entity.mob.HuskEntity
[00:53:49] [main/DEBUG] (mixin) Mixing PillagerEntity_scarpetMixin from carpet.mixins.json into net.minecraft.entity.mob.PillagerEntity
[00:53:49] [main/DEBUG] (mixin) Mixing SkeletonHorseTrapTriggerGoal_extremeMixin from carpet.mixins.json into net.minecraft.entity.ai.goal.SkeletonHorseTrapTriggerGoal
[00:53:49] [main/DEBUG] (mixin) Mixing ThrownEntityMixin from carpet.mixins.json into net.minecraft.entity.projectile.thrown.ThrownEntity
[00:53:49] [main/DEBUG] (mixin) Mixing ThrownEnderpearlEntity_fakePlayersMixin from carpet.mixins.json into net.minecraft.entity.projectile.thrown.EnderPearlEntity
[00:53:49] [main/DEBUG] (mixin) Mixing VillagerEntity_aiMixin from carpet.mixins.json into net.minecraft.entity.passive.VillagerEntity
[00:53:49] [main/DEBUG] (mixin) Renaming synthetic method lambda$onInteract$0(Lnet/minecraft/world/poi/PointOfInterestType;)Z to mdc6a73e$lambda$onInteract$0$0 in carpet.mixins.json:VillagerEntity_aiMixin
[00:53:49] [main/DEBUG] (mixin) Mixing ChunkTicketManager_tickMixin from carpet.mixins.json into net.minecraft.server.world.ChunkTicketManager
[00:53:49] [main/DEBUG] (mixin) Mixing ChunkTicketManager_scarpetChunkCreationMixin from carpet.mixins.json into net.minecraft.server.world.ChunkTicketManager
[00:53:49] [main/DEBUG] (mixin) Mixing ChunkTicketManager_spawnChunksMixin from carpet.mixins.json into net.minecraft.server.world.ChunkTicketManager
[00:53:49] [main/DEBUG] (mixin) Mixing ChunkTicketManager_scarpetMixin from carpet.mixins.json into net.minecraft.server.world.ChunkTicketManager
[00:53:49] [main/DEBUG] (mixin) Mixing ServerChunkManager_tickMixin from carpet.mixins.json into net.minecraft.server.world.ServerChunkManager
[00:53:49] [main/DEBUG] (mixin) Mixing ServerChunkManagerMixin from carpet.mixins.json into net.minecraft.server.world.ServerChunkManager
[00:53:49] [main/DEBUG] (mixin) Mixing Scoreboard_scarpetMixin from carpet.mixins.json into net.minecraft.scoreboard.Scoreboard
[00:53:49] [main/DEBUG] (mixin) Mixing DesertPyramidFeatureMixin from carpet.mixins.json into net.minecraft.world.gen.feature.DesertPyramidFeature
[00:53:49] [main/DEBUG] (mixin) Mixing EndCityFeatureMixin from carpet.mixins.json into net.minecraft.world.gen.feature.EndCityFeature
[00:53:49] [main/DEBUG] (mixin) Mixing BastionRemnantFeatureMixin from carpet.mixins.json into net.minecraft.world.gen.feature.BastionRemnantFeature
[00:53:49] [main/DEBUG] (mixin) Mixing WeightedPickerEntryMixin from carpet.mixins.json into net.minecraft.util.collection.WeightedPicker$Entry
[00:53:50] [main/DEBUG] (mixin) Mixing BlockItem_scarpetEventMixin from carpet.mixins.json into net.minecraft.item.BlockItem
[00:53:50] [main/DEBUG] (mixin) Mixing BlockItem_creativeNoClipMixin from carpet.mixins.json into net.minecraft.item.BlockItem
[00:53:50] [main/DEBUG] (mixin) Mixing WallStandingBlockItem_creativeNoClipMixin from carpet.mixins.json into net.minecraft.item.WallStandingBlockItem
[00:53:50] [main/DEBUG] (mixin) Mixing PickaxeItem_missingToolsMixin from carpet.mixins.json into net.minecraft.item.PickaxeItem
[00:53:50] [main/DEBUG] (mixin) Mixing Ingredient_scarpetMixin from carpet.mixins.json into net.minecraft.recipe.Ingredient
[00:53:50] [main/DEBUG] (mixin) Mixing FishingBobberEntity_extremeMixin from carpet.mixins.json into net.minecraft.entity.projectile.FishingBobberEntity
[00:53:50] [main/DEBUG] (mixin) Mixing LightingProvider_scarpetChunkCreationMixin from carpet.mixins.json into net.minecraft.world.chunk.light.LightingProvider
[00:53:50] [main/DEBUG] (mixin) Mixing ServerLightingProvider_scarpetMixin from carpet.mixins.json into net.minecraft.server.world.ServerLightingProvider
[00:53:50] [main/DEBUG] (mixin) Renaming synthetic method lambda$resetLight$0(Lnet/minecraft/world/chunk/Chunk;Lnet/minecraft/util/math/BlockPos;)V to mdc6a73e$lambda$resetLight$0$0 in carpet.mixins.json:ServerLightingProvider_scarpetMixin
[00:53:50] [main/DEBUG] (mixin) Mixing ServerLightingProvider_scarpetChunkCreationMixin from carpet.mixins.json into net.minecraft.server.world.ServerLightingProvider
[00:53:50] [main/DEBUG] (mixin) Renaming synthetic method lambda$relight$10(Lnet/minecraft/util/math/ChunkPos;Ljava/lang/Runnable;)V to mdc6a73e$lambda$relight$10$1 in carpet.mixins.json:ServerLightingProvider_scarpetChunkCreationMixin
[00:53:50] [main/DEBUG] (mixin) Renaming synthetic method lambda$null$9()I to mdc6a73e$lambda$null$9$2 in carpet.mixins.json:ServerLightingProvider_scarpetChunkCreationMixin
[00:53:50] [main/DEBUG] (mixin) Renaming synthetic method lambda$relight$8(Lnet/minecraft/util/math/ChunkPos;)Ljava/lang/String; to mdc6a73e$lambda$relight$8$3 in carpet.mixins.json:ServerLightingProvider_scarpetChunkCreationMixin
[00:53:50] [main/DEBUG] (mixin) Renaming synthetic method lambda$relight$7(Lnet/minecraft/world/chunk/Chunk;Lnet/minecraft/util/math/ChunkPos;)V to mdc6a73e$lambda$relight$7$4 in carpet.mixins.json:ServerLightingProvider_scarpetChunkCreationMixin
[00:53:50] [main/DEBUG] (mixin) Renaming synthetic method lambda$relight$6(Lnet/minecraft/util/math/ChunkPos;)Ljava/lang/String; to mdc6a73e$lambda$relight$6$5 in carpet.mixins.json:ServerLightingProvider_scarpetChunkCreationMixin
[00:53:50] [main/DEBUG] (mixin) Renaming synthetic method lambda$relight$5(Lnet/minecraft/util/math/ChunkPos;Lnet/minecraft/world/chunk/Chunk;)V to mdc6a73e$lambda$relight$5$6 in carpet.mixins.json:ServerLightingProvider_scarpetChunkCreationMixin
[00:53:50] [main/DEBUG] (mixin) Renaming synthetic method lambda$null$4(Lnet/minecraft/world/chunk/Chunk;Lnet/minecraft/util/math/BlockPos;)V to mdc6a73e$lambda$null$4$7 in carpet.mixins.json:ServerLightingProvider_scarpetChunkCreationMixin
[00:53:50] [main/DEBUG] (mixin) Renaming synthetic method lambda$relight$3()I to mdc6a73e$lambda$relight$3$8 in carpet.mixins.json:ServerLightingProvider_scarpetChunkCreationMixin
[00:53:50] [main/DEBUG] (mixin) Renaming synthetic method lambda$removeLightData$2(Lnet/minecraft/util/math/ChunkPos;)Ljava/lang/String; to mdc6a73e$lambda$removeLightData$2$9 in carpet.mixins.json:ServerLightingProvider_scarpetChunkCreationMixin
[00:53:50] [main/DEBUG] (mixin) Renaming synthetic method lambda$removeLightData$1(Lnet/minecraft/util/math/ChunkPos;)V to mdc6a73e$lambda$removeLightData$1$a in carpet.mixins.json:ServerLightingProvider_scarpetChunkCreationMixin
[00:53:50] [main/DEBUG] (mixin) Renaming synthetic method lambda$removeLightData$0()I to mdc6a73e$lambda$removeLightData$0$b in carpet.mixins.json:ServerLightingProvider_scarpetChunkCreationMixin
[00:53:50] [main/DEBUG] (mixin) Mixing ChunkGenerator_scarpetMixin from carpet.mixins.json into net.minecraft.world.gen.chunk.ChunkGenerator
[00:53:50] [main/DEBUG] (mixin) Mixing PlayerInventory_scarpetEventMixin from carpet.mixins.json into net.minecraft.entity.player.PlayerInventory
[00:53:50] [main/DEBUG] (mixin) Mixing TradeOutputSlot_scarpetEventMixin from carpet.mixins.json into net.minecraft.screen.slot.TradeOutputSlot
[00:53:50] [main/DEBUG] (mixin) Mixing Memory_scarpetMixin from carpet.mixins.json into net.minecraft.entity.ai.brain.Memory
[00:53:51] [main/DEBUG] (mixin) Mixing StructurePiece_scarpetPlopMixin from carpet.mixins.json into net.minecraft.structure.StructurePiece
[00:53:51] [main/DEBUG] (mixin) Mixing NoiseChunkGenerator_husksSpawnMixin from carpet.mixins.json into net.minecraft.world.gen.chunk.NoiseChunkGenerator
[00:53:51] [main/DEBUG] (mixin) Mixing FlatChunkGeneratorMixin from carpet.mixins.json into net.minecraft.world.gen.chunk.FlatChunkGenerator
[00:53:51] [main/DEBUG] (Fabric|Loader) Iterating over entrypoint 'main'
[00:53:51] [main/DEBUG] (Fabric|Loader) Iterating over entrypoint 'server'
[00:53:52] [main/INFO] (com.mojang.authlib.yggdrasil.YggdrasilAuthenticationService) Environment: authHost='https://authserver.mojang.com', accountsHost='https://api.mojang.com', sessionHost='https://sessionserver.mojang.com', servicesHost='https://api.minecraftservices.com', name='PROD'
[00:53:52] [main/DEBUG] (mixin) Mixing MinecraftServer_pingPlayerSampleLimit from carpet.mixins.json into net.minecraft.server.MinecraftServer
[00:53:52] [main/DEBUG] (mixin) Mixing MinecraftServer_coreMixin from carpet.mixins.json into net.minecraft.server.MinecraftServer
[00:53:52] [main/DEBUG] (mixin) Mixing MinecraftServer_tickspeedMixin from carpet.mixins.json into net.minecraft.server.MinecraftServer
[00:53:52] [main/DEBUG] (mixin) Renaming synthetic method lambda$modifiedRunLoop$0()Z to mdc6a73e$lambda$modifiedRunLoop$0$0 in carpet.mixins.json:MinecraftServer_tickspeedMixin
[00:53:52] [main/DEBUG] (mixin) Mixing MinecraftServer_scarpetMixin from carpet.mixins.json into net.minecraft.server.MinecraftServer
[00:53:52] [main/DEBUG] (mixin) Discarding sythetic bridge method synthetic in send because existing method in carpet.mixins.json:MinecraftServer_scarpetMixin is compatible
[00:53:53] [main/DEBUG] (mixin) Mixing RecipeManager_scarpetMixin from carpet.mixins.json into net.minecraft.recipe.RecipeManager
[00:53:53] [main/DEBUG] (mixin) Renaming synthetic method lambda$getAllMatching$0(Lnet/minecraft/util/Identifier;Lnet/minecraft/recipe/Recipe;)Z to mdc6a73e$lambda$getAllMatching$0$0 in carpet.mixins.json:RecipeManager_scarpetMixin
[00:53:53] [main/DEBUG] (mixin) Mixing CommandManagerMixin from carpet.mixins.json into net.minecraft.server.command.CommandManager
[00:53:53] [main/DEBUG] (mixin) Mixing CloneCommandMixin from carpet.mixins.json into net.minecraft.server.command.CloneCommand
[00:53:53] [main/DEBUG] (mixin) Mixing FillCommandMixin from carpet.mixins.json into net.minecraft.server.command.FillCommand
[00:53:53] [main/DEBUG] (mixin) Mixing BlockStateArgument_fillUpdatesMixin from carpet.mixins.json into net.minecraft.command.argument.BlockStateArgument
[00:53:53] [main/DEBUG] (mixin) Mixing BlockStateArgument_scarpetMixin from carpet.mixins.json into net.minecraft.command.argument.BlockStateArgument
[00:53:53] [main/DEBUG] (mixin) Mixing ForceLoadCommand_forceLoadLimitMixin from carpet.mixins.json into net.minecraft.server.command.ForceLoadCommand
[00:53:53] [main/DEBUG] (mixin) Mixing ReloadCommand_reloadAppsMixin from carpet.mixins.json into net.minecraft.server.command.ReloadCommand
[00:53:53] [main/DEBUG] (mixin) Mixing SetBlockCommandMixin from carpet.mixins.json into net.minecraft.server.command.SetBlockCommand
[00:53:53] [main/DEBUG] (mixin) Mixing SummonCommandMixin from carpet.mixins.json into net.minecraft.server.command.SummonCommand
[00:53:53] [main/WARN] (net.minecraft.server.command.CommandManager) Ambiguity between arguments [teleport, destination] and [teleport, targets] with inputs: [Player, 0123, @e, dd12be42-52a9-4a91-a8a1-11c01849e498]
[00:53:53] [main/WARN] (net.minecraft.server.command.CommandManager) Ambiguity between arguments [teleport, location] and [teleport, destination] with inputs: [0.1 -0.5 .9, 0 0 0]
[00:53:53] [main/WARN] (net.minecraft.server.command.CommandManager) Ambiguity between arguments [teleport, location] and [teleport, targets] with inputs: [0.1 -0.5 .9, 0 0 0]
[00:53:53] [main/WARN] (net.minecraft.server.command.CommandManager) Ambiguity between arguments [teleport, targets] and [teleport, destination] with inputs: [Player, 0123, dd12be42-52a9-4a91-a8a1-11c01849e498]
[00:53:53] [main/WARN] (net.minecraft.server.command.CommandManager) Ambiguity between arguments [teleport, targets, location] and [teleport, targets, destination] with inputs: [0.1 -0.5 .9, 0 0 0]
[00:53:54] [main/INFO] (net.minecraft.resource.ReloadableResourceManagerImpl) Reloading ResourceManager: Default
[00:53:55] [Worker-Main-12/INFO] (net.minecraft.recipe.RecipeManager) Loaded 7 recipes
[00:53:56] [Worker-Main-12/INFO] (net.minecraft.advancement.AdvancementManager) Loaded 927 advancements
[00:53:58] [main/DEBUG] (mixin) Mixing PlayerManager_coreMixin from carpet.mixins.json into net.minecraft.server.PlayerManager
[00:53:58] [main/DEBUG] (mixin) Mixing PlayerManager_fakePlayersMixin from carpet.mixins.json into net.minecraft.server.PlayerManager
[00:53:58] [main/DEBUG] (mixin) Mixing PlayerManager_scarpetEventsMixin from carpet.mixins.json into net.minecraft.server.PlayerManager
[00:53:58] [main/DEBUG] (mixin) Mixing ServerMetadata_motdMixin from carpet_motd_json.mixins.json into net.minecraft.server.ServerMetadata
[00:53:58] [main/DEBUG] (mixin) Mixing ServerMetadata_motdMixin from carpet.mixins.json into net.minecraft.server.ServerMetadata
[00:53:58] [main/DEBUG] (mixin) Mixing ScoreboardObjective_scarpetMixin from carpet.mixins.json into net.minecraft.scoreboard.ScoreboardObjective
[00:53:58] [main/DEBUG] (mixin) Mixing CommandFunctionManager_tickMixin from carpet.mixins.json into net.minecraft.server.function.CommandFunctionManager
[00:53:58] [Server thread/INFO] (net.minecraft.server.dedicated.MinecraftDedicatedServer) Starting minecraft server version 1.16.5
[00:53:58] [Server thread/INFO] (net.minecraft.server.dedicated.MinecraftDedicatedServer) Loading properties
[00:53:58] [Server thread/INFO] (net.minecraft.server.dedicated.MinecraftDedicatedServer) Default game type: SURVIVAL
[00:53:58] [Server thread/INFO] (net.minecraft.server.MinecraftServer) Generating keypair
[00:53:58] [Server thread/INFO] (net.minecraft.server.dedicated.MinecraftDedicatedServer) Starting Minecraft server on *:25565
[00:53:59] [Server thread/INFO] (net.minecraft.server.ServerNetworkIo) Using default channel type
[00:53:59] [Server thread/DEBUG] (mixin) Mixing ClientConnectionMixin from carpet.mixins.json into net.minecraft.network.ClientConnection
[00:54:01] [Server thread/DEBUG] (mixin) Mixing ServerPlayerInteractionManager_scarpetEventsMixin from carpet.mixins.json into net.minecraft.server.network.ServerPlayerInteractionManager
[00:54:01] [Server thread/DEBUG] (mixin) Mixing ServerPlayerInteractionManager_cactusMixin from carpet.mixins.json into net.minecraft.server.network.ServerPlayerInteractionManager
[00:54:01] [Server thread/DEBUG] (mixin) Mixing ServerPlayerInteractionManager_antiCheatMixin from carpet.mixins.json into net.minecraft.server.network.ServerPlayerInteractionManager
[00:54:01] [Server thread/DEBUG] (mixin) Mixing ServerPlayNetworkHandlerMixin from carpet.mixins.json into net.minecraft.server.network.ServerPlayNetworkHandler
[00:54:01] [Server thread/DEBUG] (mixin) Mixing ServerPlayNetworkHandler_interactionUpdatesMixin from carpet.mixins.json into net.minecraft.server.network.ServerPlayNetworkHandler
[00:54:01] [Server thread/DEBUG] (mixin) Mixing ServerPlayNetworkHandler_coreMixin from carpet.mixins.json into net.minecraft.server.network.ServerPlayNetworkHandler
[00:54:01] [Server thread/DEBUG] (mixin) Mixing ServerPlayNetworkHandler_tickMixin from carpet.mixins.json into net.minecraft.server.network.ServerPlayNetworkHandler
[00:54:01] [Server thread/DEBUG] (mixin) Mixing ServerPlayNetworkHandler_scarpetEventsMixin from carpet.mixins.json into net.minecraft.server.network.ServerPlayNetworkHandler
[00:54:01] [Server thread/DEBUG] (mixin) Mixing ServerPlayNetworkHandler_antiCheatDisabledMixin from carpet.mixins.json into net.minecraft.server.network.ServerPlayNetworkHandler
[00:54:01] [Server thread/INFO] (net.minecraft.server.dedicated.MinecraftDedicatedServer) Preparing level "world"
[00:54:01] [Server thread/INFO] (carpet) [CM]: loaded setting customMOTD as {"nbt":"x","block":"183 67 -122","interpret":"false"} from carpet.conf
[00:54:01] [Server thread/DEBUG] (mixin) Mixing ThreadedAnvilChunkStorage_tickMixin from carpet.mixins.json into net.minecraft.server.world.ThreadedAnvilChunkStorage
[00:54:01] [Server thread/DEBUG] (mixin) Mixing ThreadedAnvilChunkStorage_scarpetChunkCreationMixin from carpet.mixins.json into net.minecraft.server.world.ThreadedAnvilChunkStorage
[00:54:01] [Server thread/DEBUG] (mixin) Renaming synthetic method lambda$regenerateChunkRegion$11(Lnet/minecraft/world/chunk/Chunk;Lnet/minecraft/util/math/ChunkPos;Lcom/mojang/datafixers/util/Either;)Ljava/util/concurrent/CompletionStage; to mdc6a73e$lambda$regenerateChunkRegion$11$0 in carpet.mixins.json:ThreadedAnvilChunkStorage_scarpetChunkCreationMixin
[00:54:01] [Server thread/DEBUG] (mixin) Renaming synthetic method lambda$null$10(Lnet/minecraft/util/math/ChunkPos;Lnet/minecraft/server/world/ChunkHolder$Unloaded;)Ljava/util/concurrent/CompletableFuture; to mdc6a73e$lambda$null$10$1 in carpet.mixins.json:ThreadedAnvilChunkStorage_scarpetChunkCreationMixin
[00:54:01] [Server thread/DEBUG] (mixin) Renaming synthetic method lambda$null$9(Lnet/minecraft/world/chunk/Chunk;Ljava/util/List;)Ljava/util/concurrent/CompletableFuture; to mdc6a73e$lambda$null$9$2 in carpet.mixins.json:ThreadedAnvilChunkStorage_scarpetChunkCreationMixin
[00:54:01] [Server thread/DEBUG] (mixin) Renaming synthetic method lambda$regenerateChunkRegion$8(I)Lnet/minecraft/world/chunk/ChunkStatus; to mdc6a73e$lambda$regenerateChunkRegion$8$3 in carpet.mixins.json:ThreadedAnvilChunkStorage_scarpetChunkCreationMixin
[00:54:01] [Server thread/DEBUG] (mixin) Renaming synthetic method lambda$relightChunk$7(Lnet/minecraft/world/chunk/Chunk;Lnet/minecraft/util/math/ChunkPos;Lcom/mojang/datafixers/util/Either;)Ljava/util/concurrent/CompletionStage; to mdc6a73e$lambda$relightChunk$7$4 in carpet.mixins.json:ThreadedAnvilChunkStorage_scarpetChunkCreationMixin
[00:54:01] [Server thread/DEBUG] (mixin) Renaming synthetic method lambda$null$6(Lnet/minecraft/util/math/ChunkPos;Lnet/minecraft/server/world/ChunkHolder$Unloaded;)Ljava/util/concurrent/CompletableFuture; to mdc6a73e$lambda$null$6$5 in carpet.mixins.json:ThreadedAnvilChunkStorage_scarpetChunkCreationMixin
[00:54:01] [Server thread/DEBUG] (mixin) Renaming synthetic method lambda$null$5(Lnet/minecraft/world/chunk/Chunk;Ljava/util/List;)Ljava/util/concurrent/CompletableFuture; to mdc6a73e$lambda$null$5$6 in carpet.mixins.json:ThreadedAnvilChunkStorage_scarpetChunkCreationMixin
[00:54:01] [Server thread/DEBUG] (mixin) Renaming synthetic method lambda$relightChunk$4(I)Lnet/minecraft/world/chunk/ChunkStatus; to mdc6a73e$lambda$relightChunk$4$7 in carpet.mixins.json:ThreadedAnvilChunkStorage_scarpetChunkCreationMixin
[00:54:01] [Server thread/DEBUG] (mixin) Renaming synthetic method lambda$loadExistingChunks$3(Lnet/minecraft/util/math/ChunkPos;)Z to mdc6a73e$lambda$loadExistingChunks$3$8 in carpet.mixins.json:ThreadedAnvilChunkStorage_scarpetChunkCreationMixin
[00:54:01] [Server thread/DEBUG] (mixin) Renaming synthetic method lambda$releaseRelightTicket$2(Lnet/minecraft/util/math/ChunkPos;)Ljava/lang/String; to mdc6a73e$lambda$releaseRelightTicket$2$9 in carpet.mixins.json:ThreadedAnvilChunkStorage_scarpetChunkCreationMixin
[00:54:01] [Server thread/DEBUG] (mixin) Renaming synthetic method lambda$releaseRelightTicket$1(Lnet/minecraft/util/math/ChunkPos;)V to mdc6a73e$lambda$releaseRelightTicket$1$a in carpet.mixins.json:ThreadedAnvilChunkStorage_scarpetChunkCreationMixin
[00:54:01] [Server thread/DEBUG] (mixin) Renaming synthetic method lambda$onChunkGenerated$0(Lnet/minecraft/world/chunk/Chunk;)V to mdc6a73e$lambda$onChunkGenerated$0$b in carpet.mixins.json:ThreadedAnvilChunkStorage_scarpetChunkCreationMixin
[00:54:01] [Server thread/DEBUG] (mixin) Mixing ChunkLightProvider_scarpetChunkCreationMixin from carpet.mixins.json into net.minecraft.world.chunk.light.ChunkLightProvider
[00:54:01] [Server thread/DEBUG] (mixin) Mixing LevelPropagator_resetChunkInterface from carpet.mixins.json into net.minecraft.world.chunk.light.LevelPropagator
[00:54:01] [Server thread/DEBUG] (mixin) Mixing LightStorage_scarpetChunkCreationMixin from carpet.mixins.json into net.minecraft.world.chunk.light.LightStorage
[00:54:01] [Server thread/DEBUG] (mixin) Mixing BlockLightStorage_scarpetChunkCreationMixin from carpet.mixins.json into net.minecraft.world.chunk.light.BlockLightStorage
[00:54:01] [Server thread/DEBUG] (mixin) Mixing SkyLightStorage_scarpetChunkCreationMixin from carpet.mixins.json into net.minecraft.world.chunk.light.SkyLightStorage
[00:54:01] [Server thread/INFO] (net.minecraft.server.MinecraftServer) Preparing start region for dimension minecraft:overworld
[00:54:01] [Server thread/DEBUG] (mixin) Mixing ChunkHolder_scarpetChunkCreationMixin from carpet.mixins.json into net.minecraft.server.world.ChunkHolder
[00:54:01] [Server thread/DEBUG] (mixin) Renaming synthetic method lambda$setDefaultProtoChunk$0(Lnet/minecraft/util/math/ChunkPos;)Lcom/mojang/datafixers/util/Either; to mdc6a73e$lambda$setDefaultProtoChunk$0$0 in carpet.mixins.json:ChunkHolder_scarpetChunkCreationMixin
[00:54:01] [Server thread/DEBUG] (mixin) Mixing BiomeArray_getBiomeArrayMixin from carpet.mixins.json into net.minecraft.world.biome.source.BiomeArray
[00:54:02] [Server thread/DEBUG] (mixin) Mixing WorldChunk_fillUpdatesMixin from carpet.mixins.json into net.minecraft.world.chunk.WorldChunk
[00:54:02] [Server thread/DEBUG] (mixin) Mixing WorldChunk_movableTEMixin from carpet.mixins.json into net.minecraft.world.chunk.WorldChunk
[00:54:02] [Server thread/DEBUG] (mixin) Mixing PointOfInterest_scarpetMixin from carpet.mixins.json into net.minecraft.world.poi.PointOfInterest
[00:54:03] [Server thread/INFO] (net.minecraft.server.WorldGenerationProgressLogger) Preparing spawn area: 0%
[00:54:03] [Server thread/INFO] (net.minecraft.server.WorldGenerationProgressLogger) Preparing spawn area: 0%
[00:54:03] [Server thread/INFO] (net.minecraft.server.WorldGenerationProgressLogger) Preparing spawn area: 0%
[00:54:03] [Server thread/INFO] (net.minecraft.server.WorldGenerationProgressLogger) Preparing spawn area: 0%
[00:54:03] [Server thread/INFO] (net.minecraft.server.WorldGenerationProgressLogger) Preparing spawn area: 0%
[00:54:04] [Server thread/DEBUG] (mixin) Mixing Brain_Mixin from carpet.mixins.json into net.minecraft.entity.ai.brain.Brain
[00:54:04] [Server thread/DEBUG] (mixin) Mixing EntityTrackerEntry_leashFixMixin from carpet.mixins.json into net.minecraft.server.network.EntityTrackerEntry
[00:54:08] [Worker-Main-8/INFO] (net.minecraft.server.WorldGenerationProgressLogger) Preparing spawn area: 83%
[00:54:08] [Worker-Main-9/INFO] (net.minecraft.server.WorldGenerationProgressLogger) Preparing spawn area: 83%
[00:54:08] [Worker-Main-11/INFO] (net.minecraft.server.WorldGenerationProgressLogger) Preparing spawn area: 83%
[00:54:08] [Worker-Main-14/INFO] (net.minecraft.server.WorldGenerationProgressLogger) Preparing spawn area: 83%
[00:54:08] [Worker-Main-9/INFO] (net.minecraft.server.WorldGenerationProgressLogger) Preparing spawn area: 83%
[00:54:08] [Worker-Main-14/INFO] (net.minecraft.server.WorldGenerationProgressLogger) Preparing spawn area: 83%
[00:54:08] [Worker-Main-9/INFO] (net.minecraft.server.WorldGenerationProgressLogger) Preparing spawn area: 83%
[00:54:08] [Worker-Main-14/INFO] (net.minecraft.server.WorldGenerationProgressLogger) Preparing spawn area: 83%
[00:54:08] [Worker-Main-14/DEBUG] (mixin) Mixing ChunkRegion_scarpetPlopMixin from carpet.mixins.json into net.minecraft.world.ChunkRegion
[00:54:08] [Server thread/INFO] (net.minecraft.server.WorldGenerationProgressLogger) Preparing spawn area: 96%
[00:54:08] [Worker-Main-8/INFO] (net.minecraft.server.WorldGenerationProgressLogger) Preparing spawn area: 99%
[00:54:08] [Server thread/INFO] (net.minecraft.server.WorldGenerationProgressLogger) Time elapsed: 7171 ms
[00:54:08] [Server thread/INFO] (net.minecraft.server.dedicated.MinecraftDedicatedServer) Done (7.621s)! For help, type "help"
[00:54:08] [Server thread/DEBUG] (mixin) Mixing SpawnHelperMixin from carpet.mixins.json into net.minecraft.world.SpawnHelper
[00:54:08] [Server thread/DEBUG] (mixin) Mixing SpawnHelperInnerMixin from carpet.mixins.json into net.minecraft.world.SpawnHelper$Info
[00:56:36] [Server Watchdog/FATAL] (net.minecraft.server.dedicated.DedicatedServerWatchdog) A single server tick took 77.93 seconds (should be max 0.05)
[01:01:57] [Server Watchdog/FATAL] (net.minecraft.server.dedicated.DedicatedServerWatchdog) Considering it to be crashed, server will forcibly shutdown.
[01:01:58] [Server thread/INFO] (net.minecraft.server.MinecraftServer) Stopping server
